
{"level":"warn","message":"Ruta fallida: /favicon.ico"}
{"level":"warn","message":"Ruta fallida: /home/asd"}
{"level":"warn","message":"Ruta fallida: /favicon.ico"}
{"level":"warn","message":"Ruta fallida: /home/asd"}
{"level":"warn","message":"Ruta fallida: /favicon.ico"}
{"level":"warn","message":"Ruta fallida: /home/asd"}
{"level":"warn","message":"Ruta fallida: /js/main.js"}
{"level":"warn","message":"Ruta fallida: /favicon.ico"}
{"level":"warn","message":"Ruta fallida: /js/main.js"}
{"level":"warn","message":"Ruta fallida: /favicon.ico"}
{"level":"warn","message":"Ruta fallida: /js/main.js"}
{"level":"warn","message":"Ruta fallida: /favicon.ico"}
{"level":"warn","message":"Ruta fallida: /js/main.js"}
{"level":"warn","message":"Ruta fallida: /favicon.ico"}
{"level":"warn","message":"Ruta fallida: /debug"}
{"level":"warn","message":"Ruta fallida: /js/main.js"}
{"level":"warn","message":"Ruta fallida: /favicon.ico"}
{"level":"warn","message":"Ruta fallida: /favicon.ico"}
{"level":"warn","message":"Ruta fallida: /info/js/main.js"}
{"level":"warn","message":"Ruta fallida: /favicon.ico"}
