{"level":"warn","message":"Ruta fallida: /login/asda"}
{"level":"warn","message":"Ruta fallida: /login/js/main.js"}
{"level":"warn","message":"Ruta fallida: /favicon.ico"}
{"level":"warn","message":"Ruta fallida: /login/asda/d"}
{"level":"warn","message":"Ruta fallida: /login/asda/js/main.js"}
{"level":"warn","message":"Ruta fallida: /favicon.ico"}
{"level":"warn","message":"Ruta fallida: /js/main.js"}
{"level":"warn","message":"Ruta fallida: /js/main.js"}
{"level":"warn","message":"Ruta fallida: /favicon.ico"}
{"level":"warn","message":"Ruta fallida: /js/main.js"}
{"level":"warn","message":"Ruta fallida: /favicon.ico"}
{"level":"warn","message":"Ruta fallida: /js/main.js"}
{"level":"warn","message":"Ruta fallida: /favicon.ico"}
{"level":"warn","message":"Ruta fallida: /js/main.js"}
{"level":"warn","message":"Ruta fallida: /favicon.ico"}
{"level":"warn","message":"Ruta fallida: /js/main.js"}
{"level":"warn","message":"Ruta fallida: /favicon.ico"}
{"level":"warn","message":"Ruta fallida: /js/main.js"}
{"level":"warn","message":"Ruta fallida: /favicon.ico"}
{"level":"warn","message":"Ruta fallida: /js/main.js"}
{"level":"warn","message":"Ruta fallida: /favicon.ico"}
{"level":"warn","message":"Ruta fallida: /js/main.js"}
{"level":"warn","message":"Ruta fallida: /favicon.ico"}
{"level":"warn","message":"Ruta fallida: /js/main.js"}
{"level":"warn","message":"Ruta fallida: /favicon.ico"}
{"level":"warn","message":"Ruta fallida: /js/main.js"}
{"level":"warn","message":"Ruta fallida: /favicon.ico"}
{"level":"warn","message":"Ruta fallida: /js/main.js"}
{"level":"warn","message":"Ruta fallida: /favicon.ico"}
{"level":"warn","message":"Ruta fallida: /js/main.js"}
{"level":"warn","message":"Ruta fallida: /favicon.ico"}
{"level":"warn","message":"Ruta fallida: /js/main.js"}
{"level":"warn","message":"Ruta fallida: /favicon.ico"}
{"level":"warn","message":"Ruta fallida: /js/main.js"}
{"level":"warn","message":"Ruta fallida: /favicon.ico"}
{"level":"warn","message":"Ruta fallida: /js/main.js"}
{"level":"warn","message":"Ruta fallida: /favicon.ico"}
{"level":"warn","message":"Ruta fallida: /js/main.js"}
{"level":"warn","message":"Ruta fallida: /favicon.ico"}
{"level":"warn","message":"Ruta fallida: /js/main.js"}
{"level":"warn","message":"Ruta fallida: /favicon.ico"}
{"level":"warn","message":"Ruta fallida: /js/main.js"}
{"level":"warn","message":"Ruta fallida: /favicon.ico"}
{"level":"warn","message":"Ruta fallida: /js/main.js"}
{"level":"warn","message":"Ruta fallida: /favicon.ico"}
{"level":"warn","message":"Ruta fallida: /js/main.js"}
{"level":"warn","message":"Ruta fallida: /favicon.ico"}
{"level":"warn","message":"Ruta fallida: /js/main.js"}
{"level":"warn","message":"Ruta fallida: /favicon.ico"}
{"level":"warn","message":"Ruta fallida: /js/main.js"}
{"level":"warn","message":"Ruta fallida: /js/main.js"}
{"level":"warn","message":"Ruta fallida: /favicon.ico"}
{"level":"warn","message":"Ruta fallida: /favicon.ico"}
{"level":"warn","message":"Ruta fallida: /js/main.js"}
{"level":"warn","message":"Ruta fallida: /favicon.ico"}
{"level":"warn","message":"Ruta fallida: /js/main.js"}
{"level":"warn","message":"Ruta fallida: /js/main.js"}
{"level":"warn","message":"Ruta fallida: /favicon.ico"}
{"level":"warn","message":"Ruta fallida: /js/main.js"}
{"level":"warn","message":"Ruta fallida: /favicon.ico"}
