{"level":"warn","message":"Ruta fallida: /login/asda"}
{"level":"warn","message":"Ruta fallida: /login/js/main.js"}
{"level":"warn","message":"Ruta fallida: /favicon.ico"}
{"level":"warn","message":"Ruta fallida: /login/asda/d"}
{"level":"warn","message":"Ruta fallida: /login/asda/js/main.js"}
{"level":"warn","message":"Ruta fallida: /favicon.ico"}
{"level":"warn","message":"Ruta fallida: /js/main.js"}
{"level":"warn","message":"Ruta fallida: /js/main.js"}
{"level":"warn","message":"Ruta fallida: /favicon.ico"}
{"level":"warn","message":"Ruta fallida: /js/main.js"}
{"level":"warn","message":"Ruta fallida: /favicon.ico"}
{"level":"warn","message":"Ruta fallida: /js/main.js"}
{"level":"warn","message":"Ruta fallida: /favicon.ico"}
{"level":"warn","message":"Ruta fallida: /js/main.js"}
{"level":"warn","message":"Ruta fallida: /favicon.ico"}
{"level":"warn","message":"Ruta fallida: /js/main.js"}
{"level":"warn","message":"Ruta fallida: /favicon.ico"}
{"level":"warn","message":"Ruta fallida: /js/main.js"}
{"level":"warn","message":"Ruta fallida: /favicon.ico"}
{"level":"warn","message":"Ruta fallida: /js/main.js"}
{"level":"warn","message":"Ruta fallida: /favicon.ico"}
{"level":"warn","message":"Ruta fallida: /js/main.js"}
{"level":"warn","message":"Ruta fallida: /favicon.ico"}
{"level":"warn","message":"Ruta fallida: /js/main.js"}
{"level":"warn","message":"Ruta fallida: /favicon.ico"}
{"level":"warn","message":"Ruta fallida: /js/main.js"}
{"level":"warn","message":"Ruta fallida: /favicon.ico"}
{"level":"warn","message":"Ruta fallida: /js/main.js"}
{"level":"warn","message":"Ruta fallida: /favicon.ico"}
{"level":"warn","message":"Ruta fallida: /js/main.js"}
{"level":"warn","message":"Ruta fallida: /favicon.ico"}
{"level":"warn","message":"Ruta fallida: /js/main.js"}
{"level":"warn","message":"Ruta fallida: /favicon.ico"}
{"level":"warn","message":"Ruta fallida: /js/main.js"}
{"level":"warn","message":"Ruta fallida: /favicon.ico"}
{"level":"warn","message":"Ruta fallida: /js/main.js"}
{"level":"warn","message":"Ruta fallida: /favicon.ico"}
{"level":"warn","message":"Ruta fallida: /js/main.js"}
{"level":"warn","message":"Ruta fallida: /favicon.ico"}
{"level":"warn","message":"Ruta fallida: /js/main.js"}
{"level":"warn","message":"Ruta fallida: /favicon.ico"}
{"level":"warn","message":"Ruta fallida: /js/main.js"}
{"level":"warn","message":"Ruta fallida: /favicon.ico"}
{"level":"warn","message":"Ruta fallida: /js/main.js"}
{"level":"warn","message":"Ruta fallida: /favicon.ico"}
{"level":"warn","message":"Ruta fallida: /js/main.js"}
{"level":"warn","message":"Ruta fallida: /favicon.ico"}
{"level":"warn","message":"Ruta fallida: /js/main.js"}
{"level":"warn","message":"Ruta fallida: /favicon.ico"}
{"level":"warn","message":"Ruta fallida: /js/main.js"}
{"level":"warn","message":"Ruta fallida: /js/main.js"}
{"level":"warn","message":"Ruta fallida: /favicon.ico"}
{"level":"warn","message":"Ruta fallida: /favicon.ico"}
{"level":"warn","message":"Ruta fallida: /js/main.js"}
{"level":"warn","message":"Ruta fallida: /favicon.ico"}
{"level":"warn","message":"Ruta fallida: /js/main.js"}
{"level":"warn","message":"Ruta fallida: /js/main.js"}
{"level":"warn","message":"Ruta fallida: /favicon.ico"}
{"level":"warn","message":"Ruta fallida: /js/main.js"}
{"level":"warn","message":"Ruta fallida: /favicon.ico"}
{"level":"warn","message":"Ruta fallida: /js/main.js"}
{"level":"warn","message":"Ruta fallida: /favicon.ico"}
{"level":"warn","message":"Ruta fallida: /js/main.js"}
{"level":"warn","message":"Ruta fallida: /favicon.ico"}
{"level":"warn","message":"Ruta fallida: /js/main.js"}
{"level":"warn","message":"Ruta fallida: /favicon.ico"}
{"level":"warn","message":"Ruta fallida: /js/main.js"}
{"level":"warn","message":"Ruta fallida: /favicon.ico"}
{"level":"warn","message":"Ruta fallida: /js/main.js"}
{"level":"warn","message":"Ruta fallida: /favicon.ico"}
{"level":"warn","message":"Ruta fallida: /js/main.js"}
{"level":"warn","message":"Ruta fallida: /favicon.ico"}
{"level":"warn","message":"Ruta fallida: /js/main.js"}
{"level":"warn","message":"Ruta fallida: /favicon.ico"}
{"level":"warn","message":"Ruta fallida: /js/main.js"}
{"level":"warn","message":"Ruta fallida: /favicon.ico"}
{"level":"warn","message":"Ruta fallida: /js/main.js"}
{"level":"warn","message":"Ruta fallida: /favicon.ico"}
{"level":"warn","message":"Ruta fallida: /js/main.js"}
{"level":"warn","message":"Ruta fallida: /favicon.ico"}
{"level":"warn","message":"Ruta fallida: /js/main.js"}
{"level":"warn","message":"Ruta fallida: /favicon.ico"}
{"level":"warn","message":"Ruta fallida: /js/main.js"}
{"level":"warn","message":"Ruta fallida: /favicon.ico"}
{"level":"warn","message":"Ruta fallida: /js/main.js"}
{"level":"warn","message":"Ruta fallida: /favicon.ico"}
{"level":"warn","message":"Ruta fallida: /js/main.js"}
{"level":"warn","message":"Ruta fallida: /favicon.ico"}
{"level":"warn","message":"Ruta fallida: /js/main.js"}
{"level":"warn","message":"Ruta fallida: /favicon.ico"}
{"level":"warn","message":"Ruta fallida: /js/main.js"}
{"level":"warn","message":"Ruta fallida: /favicon.ico"}
{"level":"warn","message":"Ruta fallida: /js/main.js"}
{"level":"warn","message":"Ruta fallida: /favicon.ico"}
{"level":"warn","message":"Ruta fallida: /js/main.js"}
{"level":"warn","message":"Ruta fallida: /favicon.ico"}
{"level":"warn","message":"Ruta fallida: /js/main.js"}
{"level":"warn","message":"Ruta fallida: /favicon.ico"}
{"level":"warn","message":"Ruta fallida: /js/main.js"}
{"level":"warn","message":"Ruta fallida: /favicon.ico"}
{"level":"warn","message":"Ruta fallida: /js/main.js"}
{"level":"warn","message":"Ruta fallida: /favicon.ico"}
{"level":"warn","message":"Ruta fallida: /js/main.js"}
{"level":"warn","message":"Ruta fallida: /js/main.js"}
{"level":"warn","message":"Ruta fallida: /favicon.ico"}
{"level":"warn","message":"Ruta fallida: /info/js/main.js"}
{"level":"warn","message":"Ruta fallida: /favicon.ico"}
{"level":"warn","message":"Ruta fallida: /info/js/main.js"}
{"level":"warn","message":"Ruta fallida: /favicon.ico"}
{"level":"warn","message":"Ruta fallida: /info/js/main.js"}
{"level":"warn","message":"Ruta fallida: /favicon.ico"}
{"level":"warn","message":"Ruta fallida: /favicon.ico"}
{"level":"warn","message":"Ruta fallida: /favicon.ico"}
{"level":"warn","message":"Ruta fallida: /favicon.ico"}
{"level":"warn","message":"Ruta fallida: /js/main.js"}
{"level":"warn","message":"Ruta fallida: /favicon.ico"}
{"level":"warn","message":"Ruta fallida: /js/main.js"}
{"level":"warn","message":"Ruta fallida: /favicon.ico"}
{"level":"warn","message":"Ruta fallida: /js/main.js"}
{"level":"warn","message":"Ruta fallida: /favicon.ico"}
{"level":"warn","message":"Ruta fallida: /js/main.js"}
{"level":"warn","message":"Ruta fallida: /favicon.ico"}
{"level":"warn","message":"Ruta fallida: /js/main.js"}
{"level":"warn","message":"Ruta fallida: /favicon.ico"}
{"level":"warn","message":"Ruta fallida: /js/main.js"}
{"level":"warn","message":"Ruta fallida: /favicon.ico"}
{"level":"warn","message":"Ruta fallida: /js/main.js"}
{"level":"warn","message":"Ruta fallida: /favicon.ico"}
{"level":"warn","message":"Ruta fallida: /js/main.js"}
{"level":"warn","message":"Ruta fallida: /favicon.ico"}
{"level":"warn","message":"Ruta fallida: /js/main.js"}
{"level":"warn","message":"Ruta fallida: /favicon.ico"}
{"level":"warn","message":"Ruta fallida: /js/main.js"}
{"level":"warn","message":"Ruta fallida: /favicon.ico"}
{"level":"warn","message":"Ruta fallida: /js/main.js"}
{"level":"warn","message":"Ruta fallida: /favicon.ico"}
{"level":"warn","message":"Ruta fallida: /js/main.js"}
{"level":"warn","message":"Ruta fallida: /favicon.ico"}
{"level":"warn","message":"Ruta fallida: /js/main.js"}
{"level":"warn","message":"Ruta fallida: /favicon.ico"}
{"level":"warn","message":"Ruta fallida: /js/main.js"}
{"level":"warn","message":"Ruta fallida: /favicon.ico"}
{"level":"warn","message":"Ruta fallida: /js/main.js"}
{"level":"warn","message":"Ruta fallida: /favicon.ico"}
{"level":"warn","message":"Ruta fallida: /js/main.js"}
{"level":"warn","message":"Ruta fallida: /favicon.ico"}
{"level":"warn","message":"Ruta fallida: /js/main.js"}
{"level":"warn","message":"Ruta fallida: /favicon.ico"}
{"level":"warn","message":"Ruta fallida: /js/main.js"}
{"level":"warn","message":"Ruta fallida: /favicon.ico"}
{"level":"warn","message":"Ruta fallida: /js/main.js"}
{"level":"warn","message":"Ruta fallida: /favicon.ico"}
{"level":"warn","message":"Ruta fallida: /js/main.js"}
{"level":"warn","message":"Ruta fallida: /favicon.ico"}
{"level":"warn","message":"Ruta fallida: /js/main.js"}
{"level":"warn","message":"Ruta fallida: /favicon.ico"}
{"level":"warn","message":"Ruta fallida: /js/main.js"}
{"level":"warn","message":"Ruta fallida: /favicon.ico"}
{"level":"warn","message":"Ruta fallida: /js/main.js"}
{"level":"warn","message":"Ruta fallida: /favicon.ico"}
{"level":"warn","message":"Ruta fallida: /js/main.js"}
{"level":"warn","message":"Ruta fallida: /favicon.ico"}
{"level":"warn","message":"Ruta fallida: /js/main.js"}
{"level":"warn","message":"Ruta fallida: /favicon.ico"}
{"level":"warn","message":"Ruta fallida: /info/js/main.js"}
{"level":"warn","message":"Ruta fallida: /favicon.ico"}
{"level":"warn","message":"Ruta fallida: /js/main.js"}
{"level":"warn","message":"Ruta fallida: /favicon.ico"}
{"level":"warn","message":"Ruta fallida: /js/main.js"}
{"level":"warn","message":"Ruta fallida: /favicon.ico"}
{"level":"warn","message":"Ruta fallida: /js/main.js"}
{"level":"warn","message":"Ruta fallida: /favicon.ico"}
{"level":"warn","message":"Ruta fallida: /js/main.js"}
{"level":"warn","message":"Ruta fallida: /favicon.ico"}
{"level":"warn","message":"Ruta fallida: /favicon.ico"}
{"level":"warn","message":"Ruta fallida: /js/main.js"}
{"level":"warn","message":"Ruta fallida: /js/main.js"}
{"level":"warn","message":"Ruta fallida: /favicon.ico"}
{"level":"warn","message":"Ruta fallida: /info/js/main.js"}
{"level":"warn","message":"Ruta fallida: /favicon.ico"}
{"level":"warn","message":"Ruta fallida: /info/js/main.js"}
{"level":"warn","message":"Ruta fallida: /favicon.ico"}
{"level":"warn","message":"Ruta fallida: /info/js/main.js"}
{"level":"warn","message":"Ruta fallida: /favicon.ico"}
{"level":"warn","message":"Ruta fallida: /info/js/main.js"}
{"level":"warn","message":"Ruta fallida: /favicon.ico"}
{"level":"warn","message":"Ruta fallida: /info/js/main.js"}
{"level":"warn","message":"Ruta fallida: /favicon.ico"}
{"level":"warn","message":"Ruta fallida: /info/js/main.js"}
{"level":"warn","message":"Ruta fallida: /favicon.ico"}
{"level":"warn","message":"Ruta fallida: /info/js/main.js"}
{"level":"warn","message":"Ruta fallida: /favicon.ico"}
{"level":"warn","message":"Ruta fallida: /info/js/main.js"}
{"level":"warn","message":"Ruta fallida: /favicon.ico"}
{"level":"warn","message":"Ruta fallida: /info/js/main.js"}
{"level":"warn","message":"Ruta fallida: /favicon.ico"}
{"level":"warn","message":"Ruta fallida: /info/js/main.js"}
{"level":"warn","message":"Ruta fallida: /favicon.ico"}
{"level":"warn","message":"Ruta fallida: /info/js/main.js"}
{"level":"warn","message":"Ruta fallida: /favicon.ico"}
{"level":"warn","message":"Ruta fallida: /info/js/main.js"}
{"level":"warn","message":"Ruta fallida: /favicon.ico"}
{"level":"warn","message":"Ruta fallida: /info/js/main.js"}
{"level":"warn","message":"Ruta fallida: /favicon.ico"}
{"level":"warn","message":"Ruta fallida: /info/js/main.js"}
{"level":"warn","message":"Ruta fallida: /favicon.ico"}
{"level":"warn","message":"Ruta fallida: /info/js/main.js"}
{"level":"warn","message":"Ruta fallida: /favicon.ico"}
{"level":"warn","message":"Ruta fallida: /info/js/main.js"}
{"level":"warn","message":"Ruta fallida: /favicon.ico"}
{"level":"warn","message":"Ruta fallida: /info/js/main.js"}
{"level":"warn","message":"Ruta fallida: /favicon.ico"}
{"level":"warn","message":"Ruta fallida: /info/js/main.js"}
{"level":"warn","message":"Ruta fallida: /favicon.ico"}
{"level":"warn","message":"Ruta fallida: /info/js/main.js"}
{"level":"warn","message":"Ruta fallida: /favicon.ico"}
{"level":"warn","message":"Ruta fallida: /info/js/main.js"}
{"level":"warn","message":"Ruta fallida: /favicon.ico"}
{"level":"warn","message":"Ruta fallida: /info/js/main.js"}
{"level":"warn","message":"Ruta fallida: /favicon.ico"}
{"level":"warn","message":"Ruta fallida: /info/js/main.js"}
{"level":"warn","message":"Ruta fallida: /favicon.ico"}
{"level":"warn","message":"Ruta fallida: /info/js/main.js"}
{"level":"warn","message":"Ruta fallida: /favicon.ico"}
{"level":"warn","message":"Ruta fallida: /info/js/main.js"}
{"level":"warn","message":"Ruta fallida: /favicon.ico"}
{"level":"warn","message":"Ruta fallida: /info/js/main.js"}
{"level":"warn","message":"Ruta fallida: /favicon.ico"}
{"level":"warn","message":"Ruta fallida: /info/js/main.js"}
{"level":"warn","message":"Ruta fallida: /favicon.ico"}
{"level":"warn","message":"Ruta fallida: /info/js/main.js"}
{"level":"warn","message":"Ruta fallida: /favicon.ico"}
{"level":"warn","message":"Ruta fallida: /info/js/main.js"}
{"level":"warn","message":"Ruta fallida: /favicon.ico"}
{"level":"warn","message":"Ruta fallida: /info/js/main.js"}
{"level":"warn","message":"Ruta fallida: /favicon.ico"}
{"level":"warn","message":"Ruta fallida: /info/js/main.js"}
{"level":"warn","message":"Ruta fallida: /favicon.ico"}
{"level":"warn","message":"Ruta fallida: /info/js/main.js"}
{"level":"warn","message":"Ruta fallida: /favicon.ico"}
{"level":"warn","message":"Ruta fallida: /info/js/main.js"}
{"level":"warn","message":"Ruta fallida: /favicon.ico"}
{"level":"warn","message":"Ruta fallida: /info/js/main.js"}
{"level":"warn","message":"Ruta fallida: /favicon.ico"}
{"level":"warn","message":"Ruta fallida: /info/js/main.js"}
{"level":"warn","message":"Ruta fallida: /favicon.ico"}
{"level":"warn","message":"Ruta fallida: /info/js/main.js"}
{"level":"warn","message":"Ruta fallida: /favicon.ico"}
{"level":"warn","message":"Ruta fallida: /info/js/main.js"}
{"level":"warn","message":"Ruta fallida: /favicon.ico"}
{"level":"warn","message":"Ruta fallida: /info/js/main.js"}
{"level":"warn","message":"Ruta fallida: /favicon.ico"}
{"level":"warn","message":"Ruta fallida: /info/js/main.js"}
{"level":"warn","message":"Ruta fallida: /favicon.ico"}
{"level":"warn","message":"Ruta fallida: /info/js/main.js"}
{"level":"warn","message":"Ruta fallida: /favicon.ico"}
{"level":"warn","message":"Ruta fallida: /info/js/main.js"}
{"level":"warn","message":"Ruta fallida: /favicon.ico"}
{"level":"warn","message":"Ruta fallida: /info/js/main.js"}
{"level":"warn","message":"Ruta fallida: /favicon.ico"}
{"level":"warn","message":"Ruta fallida: /info/js/main.js"}
{"level":"warn","message":"Ruta fallida: /favicon.ico"}
{"level":"warn","message":"Ruta fallida: /info/js/main.js"}
{"level":"warn","message":"Ruta fallida: /favicon.ico"}
{"level":"warn","message":"Ruta fallida: /info/js/main.js"}
{"level":"warn","message":"Ruta fallida: /favicon.ico"}
{"level":"warn","message":"Ruta fallida: /info/js/main.js"}
{"level":"warn","message":"Ruta fallida: /favicon.ico"}
{"level":"warn","message":"Ruta fallida: /info/js/main.js"}
{"level":"warn","message":"Ruta fallida: /favicon.ico"}
{"level":"warn","message":"Ruta fallida: /info/js/main.js"}
{"level":"warn","message":"Ruta fallida: /favicon.ico"}
{"level":"warn","message":"Ruta fallida: /info/js/main.js"}
{"level":"warn","message":"Ruta fallida: /favicon.ico"}
{"level":"warn","message":"Ruta fallida: /info/js/main.js"}
{"level":"warn","message":"Ruta fallida: /favicon.ico"}
{"level":"warn","message":"Ruta fallida: /info/js/main.js"}
{"level":"warn","message":"Ruta fallida: /favicon.ico"}
{"level":"warn","message":"Ruta fallida: /info/js/main.js"}
{"level":"warn","message":"Ruta fallida: /favicon.ico"}
{"level":"warn","message":"Ruta fallida: /info/js/main.js"}
{"level":"warn","message":"Ruta fallida: /favicon.ico"}
{"level":"warn","message":"Ruta fallida: /info/js/main.js"}
{"level":"warn","message":"Ruta fallida: /favicon.ico"}
{"level":"warn","message":"Ruta fallida: /info/js/main.js"}
{"level":"warn","message":"Ruta fallida: /favicon.ico"}
{"level":"warn","message":"Ruta fallida: /info/js/main.js"}
{"level":"warn","message":"Ruta fallida: /favicon.ico"}
{"level":"warn","message":"Ruta fallida: /info/js/main.js"}
{"level":"warn","message":"Ruta fallida: /favicon.ico"}
{"level":"warn","message":"Ruta fallida: /info/js/main.js"}
{"level":"warn","message":"Ruta fallida: /favicon.ico"}
{"level":"warn","message":"Ruta fallida: /info/js/main.js"}
{"level":"warn","message":"Ruta fallida: /favicon.ico"}
{"level":"warn","message":"Ruta fallida: /info/js/main.js"}
{"level":"warn","message":"Ruta fallida: /favicon.ico"}
{"level":"warn","message":"Ruta fallida: /info/js/main.js"}
{"level":"warn","message":"Ruta fallida: /favicon.ico"}
{"level":"warn","message":"Ruta fallida: /info/js/main.js"}
{"level":"warn","message":"Ruta fallida: /favicon.ico"}
{"level":"warn","message":"Ruta fallida: /info/js/main.js"}
{"level":"warn","message":"Ruta fallida: /favicon.ico"}
{"level":"warn","message":"Ruta fallida: /info/js/main.js"}
{"level":"warn","message":"Ruta fallida: /favicon.ico"}
{"level":"warn","message":"Ruta fallida: /info/js/main.js"}
{"level":"warn","message":"Ruta fallida: /favicon.ico"}
{"level":"warn","message":"Ruta fallida: /info/js/main.js"}
{"level":"warn","message":"Ruta fallida: /favicon.ico"}
{"level":"warn","message":"Ruta fallida: /info/js/main.js"}
{"level":"warn","message":"Ruta fallida: /favicon.ico"}
{"level":"warn","message":"Ruta fallida: /info/js/main.js"}
{"level":"warn","message":"Ruta fallida: /favicon.ico"}
{"level":"warn","message":"Ruta fallida: /info/js/main.js"}
{"level":"warn","message":"Ruta fallida: /favicon.ico"}
{"level":"warn","message":"Ruta fallida: /info/js/main.js"}
{"level":"warn","message":"Ruta fallida: /favicon.ico"}
{"level":"warn","message":"Ruta fallida: /info/js/main.js"}
{"level":"warn","message":"Ruta fallida: /favicon.ico"}
{"level":"warn","message":"Ruta fallida: /info/js/main.js"}
{"level":"warn","message":"Ruta fallida: /favicon.ico"}
{"level":"warn","message":"Ruta fallida: /info/js/main.js"}
{"level":"warn","message":"Ruta fallida: /favicon.ico"}
{"level":"warn","message":"Ruta fallida: /info/js/main.js"}
{"level":"warn","message":"Ruta fallida: /favicon.ico"}
{"level":"warn","message":"Ruta fallida: /info/js/main.js"}
{"level":"warn","message":"Ruta fallida: /favicon.ico"}
{"level":"warn","message":"Ruta fallida: /info/js/main.js"}
{"level":"warn","message":"Ruta fallida: /favicon.ico"}
{"level":"warn","message":"Ruta fallida: /info/js/main.js"}
{"level":"warn","message":"Ruta fallida: /favicon.ico"}
{"level":"warn","message":"Ruta fallida: /info/js/main.js"}
{"level":"warn","message":"Ruta fallida: /favicon.ico"}
{"level":"warn","message":"Ruta fallida: /info/js/main.js"}
{"level":"warn","message":"Ruta fallida: /favicon.ico"}
{"level":"warn","message":"Ruta fallida: /info/js/main.js"}
{"level":"warn","message":"Ruta fallida: /favicon.ico"}
{"level":"warn","message":"Ruta fallida: /info/js/main.js"}
{"level":"warn","message":"Ruta fallida: /favicon.ico"}
{"level":"warn","message":"Ruta fallida: /info/js/main.js"}
{"level":"warn","message":"Ruta fallida: /favicon.ico"}
{"level":"warn","message":"Ruta fallida: /info/js/main.js"}
{"level":"warn","message":"Ruta fallida: /favicon.ico"}
{"level":"warn","message":"Ruta fallida: /info/js/main.js"}
{"level":"warn","message":"Ruta fallida: /favicon.ico"}
{"level":"warn","message":"Ruta fallida: /info/js/main.js"}
{"level":"warn","message":"Ruta fallida: /favicon.ico"}
{"level":"warn","message":"Ruta fallida: /info/js/main.js"}
{"level":"warn","message":"Ruta fallida: /favicon.ico"}
{"level":"warn","message":"Ruta fallida: /info/js/main.js"}
{"level":"warn","message":"Ruta fallida: /favicon.ico"}
{"level":"warn","message":"Ruta fallida: /info/js/main.js"}
{"level":"warn","message":"Ruta fallida: /favicon.ico"}
{"level":"warn","message":"Ruta fallida: /info/js/main.js"}
{"level":"warn","message":"Ruta fallida: /favicon.ico"}
{"level":"warn","message":"Ruta fallida: /info/js/main.js"}
{"level":"warn","message":"Ruta fallida: /favicon.ico"}
{"level":"warn","message":"Ruta fallida: /info/js/main.js"}
{"level":"warn","message":"Ruta fallida: /favicon.ico"}
{"level":"warn","message":"Ruta fallida: /info/js/main.js"}
{"level":"warn","message":"Ruta fallida: /favicon.ico"}
{"level":"warn","message":"Ruta fallida: /info/js/main.js"}
{"level":"warn","message":"Ruta fallida: /favicon.ico"}
{"level":"warn","message":"Ruta fallida: /info/js/main.js"}
{"level":"warn","message":"Ruta fallida: /favicon.ico"}
{"level":"warn","message":"Ruta fallida: /info/js/main.js"}
{"level":"warn","message":"Ruta fallida: /favicon.ico"}
{"level":"warn","message":"Ruta fallida: /info/js/main.js"}
{"level":"warn","message":"Ruta fallida: /favicon.ico"}
{"level":"warn","message":"Ruta fallida: /info/js/main.js"}
{"level":"warn","message":"Ruta fallida: /favicon.ico"}
{"level":"warn","message":"Ruta fallida: /info/js/main.js"}
{"level":"warn","message":"Ruta fallida: /favicon.ico"}
{"level":"warn","message":"Ruta fallida: /info/js/main.js"}
{"level":"warn","message":"Ruta fallida: /favicon.ico"}
{"level":"warn","message":"Ruta fallida: /info/js/main.js"}
{"level":"warn","message":"Ruta fallida: /favicon.ico"}
{"level":"warn","message":"Ruta fallida: /js/main.js"}
{"level":"warn","message":"Ruta fallida: /js/main.js"}
{"level":"warn","message":"Ruta fallida: /favicon.ico"}
{"level":"warn","message":"Ruta fallida: /favicon.ico"}
{"level":"warn","message":"Ruta fallida: /js/main.js"}
{"level":"warn","message":"Ruta fallida: /favicon.ico"}
{"level":"warn","message":"Ruta fallida: /js/main.js"}
{"level":"warn","message":"Ruta fallida: /js/main.js"}
{"level":"warn","message":"Ruta fallida: /favicon.ico"}
{"level":"warn","message":"Ruta fallida: /js/main.js"}
{"level":"warn","message":"Ruta fallida: /favicon.ico"}
{"level":"warn","message":"Ruta fallida: /js/main.js"}
{"level":"warn","message":"Ruta fallida: /js/main.js"}
{"level":"warn","message":"Ruta fallida: /favicon.ico"}
{"level":"warn","message":"Ruta fallida: /favicon.ico"}
{"level":"warn","message":"Ruta fallida: /js/main.js"}
{"level":"warn","message":"Ruta fallida: /favicon.ico"}
{"level":"warn","message":"Ruta fallida: /js/main.js"}
{"level":"warn","message":"Ruta fallida: /favicon.ico"}
{"level":"warn","message":"Ruta fallida: /favicon.ico"}
{"level":"warn","message":"Ruta fallida: /js/main.js"}
{"level":"warn","message":"Ruta fallida: /favicon.ico"}
{"level":"warn","message":"Ruta fallida: /js/main.js"}
{"level":"warn","message":"Ruta fallida: /favicon.ico"}
{"level":"warn","message":"Ruta fallida: /js/main.js"}
{"level":"warn","message":"Ruta fallida: /favicon.ico"}
{"level":"warn","message":"Ruta fallida: /js/main.js"}
{"level":"warn","message":"Ruta fallida: /favicon.ico"}
{"level":"warn","message":"Ruta fallida: /js/main.js"}
{"level":"warn","message":"Ruta fallida: /favicon.ico"}
{"level":"warn","message":"Ruta fallida: /js/main.js"}
{"level":"warn","message":"Ruta fallida: /favicon.ico"}
{"level":"warn","message":"Ruta fallida: /js/main.js"}
{"level":"warn","message":"Ruta fallida: /favicon.ico"}
{"level":"warn","message":"Ruta fallida: /js/main.js"}
{"level":"warn","message":"Ruta fallida: /favicon.ico"}
{"level":"warn","message":"Ruta fallida: /js/main.js"}
{"level":"warn","message":"Ruta fallida: /favicon.ico"}
{"level":"warn","message":"Ruta fallida: /js/main.js"}
{"level":"warn","message":"Ruta fallida: /favicon.ico"}
{"level":"warn","message":"Ruta fallida: /js/main.js"}
{"level":"warn","message":"Ruta fallida: /favicon.ico"}
{"level":"warn","message":"Ruta fallida: /js/main.js"}
{"level":"warn","message":"Ruta fallida: /favicon.ico"}
{"level":"warn","message":"Ruta fallida: /js/main.js"}
{"level":"warn","message":"Ruta fallida: /favicon.ico"}
{"level":"warn","message":"Ruta fallida: /js/main.js"}
{"level":"warn","message":"Ruta fallida: /favicon.ico"}
{"code":"ER_NO_SUCH_TABLE","errno":1146,"index":0,"level":"error","sql":"select * from `productos`","sqlMessage":"Table 'productos.productos' doesn't exist","sqlState":"42S02"}
{"level":"warn","message":"Ruta fallida: /favicon.ico"}
{"level":"warn","message":"Ruta fallida: /home/asd"}
{"level":"warn","message":"Ruta fallida: /home/asd"}
{"level":"warn","message":"Ruta fallida: /favicon.ico"}
{"level":"warn","message":"Ruta fallida: /home/asd"}
{"code":"ER_NO_SUCH_TABLE","errno":1146,"index":0,"level":"error","sql":"select * from `productos`","sqlMessage":"Table 'productos.productos' doesn't exist","sqlState":"42S02"}
{"level":"warn","message":"Ruta fallida: /js/main.js"}
{"level":"warn","message":"Ruta fallida: /favicon.ico"}
{"level":"warn","message":"Ruta fallida: /favicon.ico"}
{"level":"warn","message":"Ruta fallida: /js/main.js"}
{"level":"warn","message":"Ruta fallida: /favicon.ico"}
{"level":"warn","message":"Ruta fallida: /js/main.js"}
{"level":"warn","message":"Ruta fallida: /favicon.ico"}
{"level":"warn","message":"Ruta fallida: /js/main.js"}
{"level":"warn","message":"Ruta fallida: /favicon.ico"}
{"level":"warn","message":"Ruta fallida: /js/main.js"}
{"level":"warn","message":"Ruta fallida: /favicon.ico"}
{"level":"warn","message":"Ruta fallida: /js/main.js"}
{"level":"warn","message":"Ruta fallida: /favicon.ico"}
{"level":"warn","message":"Ruta fallida: /js/main.js"}
{"level":"warn","message":"Ruta fallida: /favicon.ico"}
{"level":"warn","message":"Ruta fallida: /js/main.js"}
{"level":"warn","message":"Ruta fallida: /favicon.ico"}
{"level":"warn","message":"Ruta fallida: /js/main.js"}
{"level":"warn","message":"Ruta fallida: /favicon.ico"}
{"level":"warn","message":"Ruta fallida: /js/main.js"}
{"level":"warn","message":"Ruta fallida: /favicon.ico"}
{"code":"ER_NO_SUCH_TABLE","errno":1146,"index":0,"level":"error","sql":"select * from `productos`","sqlMessage":"Table 'productos.productos' doesn't exist","sqlState":"42S02"}
{"level":"warn","message":"Ruta fallida: /favicon.ico"}
{"level":"warn","message":"Ruta fallida: /home/asd"}
{"level":"warn","message":"Ruta fallida: /home/asd"}
{"level":"warn","message":"Ruta fallida: /home/asd"}
{"level":"warn","message":"Ruta fallida: /favicon.ico"}
{"level":"warn","message":"Ruta fallida: /home/asd"}
{"level":"warn","message":"Ruta fallida: /favicon.ico"}
{"level":"warn","message":"Ruta fallida: /home/asd"}
{"level":"warn","message":"Ruta fallida: /favicon.ico"}
{"level":"warn","message":"Ruta fallida: /home/asd"}
{"level":"warn","message":"Ruta fallida: /favicon.ico"}
{"level":"warn","message":"Ruta fallida: /home/asd"}
{"level":"warn","message":"Ruta fallida: /HNAP1/"}
{"code":"ER_NO_SUCH_TABLE","errno":1146,"index":0,"level":"error","sql":"select * from `productos`","sqlMessage":"Table 'productos.productos' doesn't exist","sqlState":"42S02"}
{"level":"warn","message":"Ruta fallida: /favicon.ico"}
{"code":"ER_NO_SUCH_TABLE","errno":1146,"index":0,"level":"error","sql":"select * from `productos`","sqlMessage":"Table 'productos.productos' doesn't exist","sqlState":"42S02"}
{"code":"ER_NO_SUCH_TABLE","errno":1146,"index":0,"level":"error","sql":"select * from `productos`","sqlMessage":"Table 'productos.productos' doesn't exist","sqlState":"42S02"}
{"level":"warn","message":"Ruta fallida: /js/main.js"}
{"level":"warn","message":"Ruta fallida: /favicon.ico"}
{"level":"warn","message":"Ruta fallida: /js/main.js"}
{"level":"warn","message":"Ruta fallida: /favicon.ico"}
{"level":"warn","message":"Ruta fallida: /favicon.ico"}
{"level":"warn","message":"Ruta fallida: /js/main.js"}
{"level":"warn","message":"Ruta fallida: /favicon.ico"}
{"level":"warn","message":"Ruta fallida: /js/main.js"}
{"level":"warn","message":"Ruta fallida: /favicon.ico"}
{"level":"warn","message":"Ruta fallida: /js/main.js"}
{"level":"warn","message":"Ruta fallida: /favicon.ico"}
{"level":"warn","message":"Ruta fallida: /registro/js/main.js"}
{"level":"warn","message":"Ruta fallida: /favicon.ico"}
{"level":"warn","message":"Ruta fallida: /favicon.ico"}
{"level":"warn","message":"Ruta fallida: /favicon.ico"}
{"code":"ER_NO_SUCH_TABLE","errno":1146,"index":0,"level":"error","sql":"select * from `productos`","sqlMessage":"Table 'productos.productos' doesn't exist","sqlState":"42S02"}
{"level":"warn","message":"Ruta fallida: /favicon.ico"}
{"level":"warn","message":"Ruta fallida: /favicon.ico"}
{"level":"warn","message":"Ruta fallida: /js/main.js"}
{"level":"warn","message":"Ruta fallida: /favicon.ico"}
{"level":"warn","message":"Ruta fallida: /js/main.js"}
{"level":"warn","message":"Ruta fallida: /favicon.ico"}
{"level":"warn","message":"Ruta fallida: /favicon.ico"}
{"code":"ER_NO_SUCH_TABLE","errno":1146,"index":0,"level":"error","sql":"select * from `productos`","sqlMessage":"Table 'productos.productos' doesn't exist","sqlState":"42S02"}
{"code":"ER_NO_SUCH_TABLE","errno":1146,"index":0,"level":"error","sql":"select * from `productos`","sqlMessage":"Table 'productos.productos' doesn't exist","sqlState":"42S02"}
{"code":"ER_NO_SUCH_TABLE","errno":1146,"index":0,"level":"error","sql":"select * from `productos`","sqlMessage":"Table 'productos.productos' doesn't exist","sqlState":"42S02"}
{"level":"warn","message":"Ruta fallida: /favicon.ico"}
{"level":"warn","message":"Ruta fallida: /js/main.js"}
{"level":"warn","message":"Ruta fallida: /favicon.ico"}
{"level":"warn","message":"Ruta fallida: /js/main.js"}
{"level":"warn","message":"Ruta fallida: /favicon.ico"}
{"level":"warn","message":"Ruta fallida: /favicon.ico"}
{"code":"ER_NO_SUCH_TABLE","errno":1146,"index":0,"level":"error","sql":"select * from `productos`","sqlMessage":"Table 'productos.productos' doesn't exist","sqlState":"42S02"}
{"code":"ER_NO_SUCH_TABLE","errno":1146,"index":0,"level":"error","sql":"select * from `productos`","sqlMessage":"Table 'productos.productos' doesn't exist","sqlState":"42S02"}
{"code":"ER_NO_SUCH_TABLE","errno":1146,"index":0,"level":"error","sql":"select * from `productos`","sqlMessage":"Table 'productos.productos' doesn't exist","sqlState":"42S02"}
{"level":"warn","message":"Ruta fallida: /favicon.ico"}
{"level":"warn","message":"Ruta fallida: /js/main.js"}
{"level":"warn","message":"Ruta fallida: /favicon.ico"}
{"level":"warn","message":"Ruta fallida: /js/main.js"}
{"level":"warn","message":"Ruta fallida: /favicon.ico"}
{"level":"warn","message":"Ruta fallida: /favicon.ico"}
{"code":"ER_NO_SUCH_TABLE","errno":1146,"index":0,"level":"error","sql":"select * from `productos`","sqlMessage":"Table 'productos.productos' doesn't exist","sqlState":"42S02"}
{"level":"warn","message":"Ruta fallida: /js/main.js"}
{"level":"warn","message":"Ruta fallida: /favicon.ico"}
{"level":"warn","message":"Ruta fallida: /js/main.js"}
{"level":"warn","message":"Ruta fallida: /favicon.ico"}
{"code":"ER_NO_SUCH_TABLE","errno":1146,"index":0,"level":"error","sql":"select * from `productos`","sqlMessage":"Table 'productos.productos' doesn't exist","sqlState":"42S02"}
{"level":"warn","message":"Ruta fallida: /favicon.ico"}
{"level":"warn","message":"Ruta fallida: /js/main.js"}
{"level":"warn","message":"Ruta fallida: /favicon.ico"}
{"level":"warn","message":"Ruta fallida: /js/main.js"}
{"level":"warn","message":"Ruta fallida: /favicon.ico"}
{"code":"ER_NO_SUCH_TABLE","errno":1146,"index":0,"level":"error","sql":"select * from `productos`","sqlMessage":"Table 'productos.productos' doesn't exist","sqlState":"42S02"}
{"level":"warn","message":"Ruta fallida: /favicon.ico"}
{"code":"ER_NO_SUCH_TABLE","errno":1146,"index":0,"level":"error","sql":"select * from `productos`","sqlMessage":"Table 'productos.productos' doesn't exist","sqlState":"42S02"}
{"code":"ER_NO_SUCH_TABLE","errno":1146,"index":0,"level":"error","sql":"select * from `productos`","sqlMessage":"Table 'productos.productos' doesn't exist","sqlState":"42S02"}
{"code":"ER_NO_SUCH_TABLE","errno":1146,"index":0,"level":"error","sql":"select * from `productos`","sqlMessage":"Table 'productos.productos' doesn't exist","sqlState":"42S02"}
{"level":"warn","message":"Ruta fallida: /js/main.js"}
{"level":"warn","message":"Ruta fallida: /favicon.ico"}
{"level":"warn","message":"Ruta fallida: /js/main.js"}
{"level":"warn","message":"Ruta fallida: /favicon.ico"}
{"level":"warn","message":"Ruta fallida: /homemendez.mariano@outlook.com.ar"}
{"level":"warn","message":"Ruta fallida: /js/main.js"}
{"level":"warn","message":"Ruta fallida: /favicon.ico"}
{"level":"warn","message":"Ruta fallida: /favicon.ico"}
{"code":"ER_NO_SUCH_TABLE","errno":1146,"index":0,"level":"error","sql":"select * from `productos`","sqlMessage":"Table 'productos.productos' doesn't exist","sqlState":"42S02"}
{"level":"warn","message":"Ruta fallida: /js/main.js"}
{"level":"warn","message":"Ruta fallida: /favicon.ico"}
{"level":"warn","message":"Ruta fallida: /js/main.js"}
{"level":"warn","message":"Ruta fallida: /favicon.ico"}
{"level":"warn","message":"Ruta fallida: /favicon.ico"}
{"level":"warn","message":"Ruta fallida: /js/main.js"}
{"level":"warn","message":"Ruta fallida: /favicon.ico"}
{"level":"warn","message":"Ruta fallida: /js/main.js"}
{"level":"warn","message":"Ruta fallida: /favicon.ico"}
{"level":"warn","message":"Ruta fallida: /login/js/main.js"}
{"level":"warn","message":"Ruta fallida: /favicon.ico"}
{"level":"warn","message":"Ruta fallida: /favicon.ico"}
{"level":"warn","message":"Ruta fallida: /favicon.ico"}
{"level":"warn","message":"Ruta fallida: /js/main.js"}
{"level":"warn","message":"Ruta fallida: /favicon.ico"}
{"level":"warn","message":"Ruta fallida: /js/main.js"}
{"level":"warn","message":"Ruta fallida: /favicon.ico"}
{"level":"warn","message":"Ruta fallida: /login/js/main.js"}
{"level":"warn","message":"Ruta fallida: /favicon.ico"}
{"level":"warn","message":"Ruta fallida: /favicon.ico"}
{"level":"warn","message":"Ruta fallida: /favicon.ico"}
{"code":"ER_NO_SUCH_TABLE","errno":1146,"index":0,"level":"error","sql":"select * from `productos`","sqlMessage":"Table 'productos.productos' doesn't exist","sqlState":"42S02"}
{"level":"warn","message":"Ruta fallida: /js/main.js"}
{"level":"warn","message":"Ruta fallida: /favicon.ico"}
{"level":"warn","message":"Ruta fallida: /favicon.ico"}
{"level":"warn","message":"Ruta fallida: /js/main.js"}
{"level":"warn","message":"Ruta fallida: /favicon.ico"}
{"level":"warn","message":"Ruta fallida: /js/main.js"}
{"level":"warn","message":"Ruta fallida: /favicon.ico"}
{"level":"warn","message":"Ruta fallida: /js/main.js"}
{"level":"warn","message":"Ruta fallida: /favicon.ico"}
{"level":"warn","message":"Ruta fallida: /favicon.ico"}
{"level":"warn","message":"Ruta fallida: /js/main.js"}
{"level":"warn","message":"Ruta fallida: /favicon.ico"}
{"level":"warn","message":"Ruta fallida: /js/main.js"}
{"level":"warn","message":"Ruta fallida: /favicon.ico"}
{"level":"warn","message":"Ruta fallida: /js/main.js"}
{"level":"warn","message":"Ruta fallida: /favicon.ico"}
{"level":"warn","message":"Ruta fallida: /favicon.ico"}
{"level":"warn","message":"Ruta fallida: /js/main.js"}
{"level":"warn","message":"Ruta fallida: /favicon.ico"}
{"level":"warn","message":"Ruta fallida: /js/main.js"}
{"level":"warn","message":"Ruta fallida: /favicon.ico"}
{"level":"warn","message":"Ruta fallida: /js/main.js"}
{"level":"warn","message":"Ruta fallida: /favicon.ico"}
{"code":"ER_NO_SUCH_TABLE","errno":1146,"index":0,"level":"error","sql":"select * from `productos`","sqlMessage":"Table 'productos.productos' doesn't exist","sqlState":"42S02"}
{"level":"warn","message":"Ruta fallida: /favicon.ico"}
{"level":"warn","message":"Ruta fallida: /js/main.js"}
{"level":"warn","message":"Ruta fallida: /favicon.ico"}
{"level":"warn","message":"Ruta fallida: /js/main.js"}
{"level":"warn","message":"Ruta fallida: /favicon.ico"}
{"level":"warn","message":"Ruta fallida: /favicon.ico"}
{"level":"warn","message":"Ruta fallida: /js/main.js"}
{"level":"warn","message":"Ruta fallida: /favicon.ico"}
{"level":"warn","message":"Ruta fallida: /js/main.js"}
{"level":"warn","message":"Ruta fallida: /favicon.ico"}
{"level":"warn","message":"Ruta fallida: /favicon.ico"}
{"level":"warn","message":"Ruta fallida: /js/main.js"}
{"level":"warn","message":"Ruta fallida: /favicon.ico"}
{"level":"warn","message":"Ruta fallida: /js/main.js"}
{"level":"warn","message":"Ruta fallida: /favicon.ico"}
{"level":"warn","message":"Ruta fallida: /js/main.js"}
{"level":"warn","message":"Ruta fallida: /favicon.ico"}
{"level":"warn","message":"Ruta fallida: /favicon.ico"}
{"code":"ER_NO_SUCH_TABLE","errno":1146,"index":0,"level":"error","sql":"select * from `productos`","sqlMessage":"Table 'productos.productos' doesn't exist","sqlState":"42S02"}
{"code":"ER_NO_SUCH_TABLE","errno":1146,"index":0,"level":"error","sql":"select * from `productos`","sqlMessage":"Table 'productos.productos' doesn't exist","sqlState":"42S02"}
{"level":"warn","message":"Ruta fallida: /js/main.js"}
{"level":"warn","message":"Ruta fallida: /favicon.ico"}
{"level":"warn","message":"Ruta fallida: /favicon.ico"}
{"level":"warn","message":"Ruta fallida: /home/asd"}
{"level":"warn","message":"Ruta fallida: /js/main.js"}
{"level":"warn","message":"Ruta fallida: /favicon.ico"}
{"level":"warn","message":"Ruta fallida: /js/main.js"}
{"level":"warn","message":"Ruta fallida: /favicon.ico"}
{"level":"warn","message":"Ruta fallida: /js/main.js"}
{"level":"warn","message":"Ruta fallida: /favicon.ico"}
{"level":"warn","message":"Ruta fallida: /js/main.js"}
{"level":"warn","message":"Ruta fallida: /favicon.ico"}
{"level":"warn","message":"Ruta fallida: /js/main.js"}
{"level":"warn","message":"Ruta fallida: /favicon.ico"}
{"level":"warn","message":"Ruta fallida: /favicon.ico"}
{"level":"warn","message":"Ruta fallida: /js/main.js"}
{"level":"warn","message":"Ruta fallida: /favicon.ico"}
{"level":"warn","message":"Ruta fallida: /js/main.js"}
{"level":"warn","message":"Ruta fallida: /favicon.ico"}
{"level":"warn","message":"Ruta fallida: /favicon.ico"}
{"level":"warn","message":"Ruta fallida: /js/main.js"}
{"level":"warn","message":"Ruta fallida: /favicon.ico"}
{"level":"warn","message":"Ruta fallida: /favicon.ico"}
{"level":"warn","message":"Ruta fallida: /js/main.js"}
{"level":"warn","message":"Ruta fallida: /favicon.ico"}
{"level":"warn","message":"Ruta fallida: /js/main.js"}
{"level":"warn","message":"Ruta fallida: /favicon.ico"}
{"level":"warn","message":"Ruta fallida: /js/main.js"}
{"level":"warn","message":"Ruta fallida: /favicon.ico"}
{"level":"warn","message":"Ruta fallida: /js/main.js"}
{"level":"warn","message":"Ruta fallida: /favicon.ico"}
{"level":"warn","message":"Ruta fallida: /js/main.js"}
{"level":"warn","message":"Ruta fallida: /favicon.ico"}
{"level":"warn","message":"Ruta fallida: /favicon.ico"}
{"level":"warn","message":"Ruta fallida: /favicon.ico"}
