
{"level":"warn","message":"Ruta fallida: /favicon.ico"}
{"level":"warn","message":"Ruta fallida: /home/asd"}
{"level":"warn","message":"Ruta fallida: /favicon.ico"}
{"level":"warn","message":"Ruta fallida: /home/asd"}
{"level":"warn","message":"Ruta fallida: /favicon.ico"}
{"level":"warn","message":"Ruta fallida: /home/asd"}
{"level":"warn","message":"Ruta fallida: /js/main.js"}
{"level":"warn","message":"Ruta fallida: /favicon.ico"}
{"level":"warn","message":"Ruta fallida: /js/main.js"}
{"level":"warn","message":"Ruta fallida: /favicon.ico"}
{"level":"warn","message":"Ruta fallida: /js/main.js"}
{"level":"warn","message":"Ruta fallida: /favicon.ico"}
{"level":"warn","message":"Ruta fallida: /js/main.js"}
{"level":"warn","message":"Ruta fallida: /favicon.ico"}
{"level":"warn","message":"Ruta fallida: /debug"}
{"level":"warn","message":"Ruta fallida: /js/main.js"}
{"level":"warn","message":"Ruta fallida: /favicon.ico"}
{"level":"warn","message":"Ruta fallida: /favicon.ico"}
{"level":"warn","message":"Ruta fallida: /info/js/main.js"}
{"level":"warn","message":"Ruta fallida: /favicon.ico"}
{"level":"warn","message":"Ruta fallida: /js/main.js"}
{"level":"warn","message":"Ruta fallida: /favicon.ico"}
{"level":"warn","message":"Ruta fallida: /js/main.js"}
{"level":"warn","message":"Ruta fallida: /favicon.ico"}
{"level":"warn","message":"Ruta fallida: /js/main.js"}
{"level":"warn","message":"Ruta fallida: /favicon.ico"}
{"code":"ER_NO_SUCH_TABLE","errno":1146,"index":0,"level":"error","sql":"select * from `productos`","sqlMessage":"Table 'productos.productos' doesn't exist","sqlState":"42S02"}
{"level":"warn","message":"Ruta fallida: /js/main.js"}
{"level":"warn","message":"Ruta fallida: /favicon.ico"}
{"level":"warn","message":"Ruta fallida: /js/main.js"}
{"level":"warn","message":"Ruta fallida: /favicon.ico"}
{"level":"warn","message":"Ruta fallida: /favicon.ico"}
{"level":"warn","message":"Ruta fallida: /home/asd"}
{"level":"warn","message":"Ruta fallida: /home/asd"}
{"level":"warn","message":"Ruta fallida: /js/main.js"}
{"level":"warn","message":"Ruta fallida: /favicon.ico"}
{"level":"warn","message":"Ruta fallida: /js/main.js"}
{"level":"warn","message":"Ruta fallida: /favicon.ico"}
{"level":"warn","message":"Ruta fallida: /js/main.js"}
{"level":"warn","message":"Ruta fallida: /favicon.ico"}
{"level":"warn","message":"Ruta fallida: /registro/js/main.js"}
{"level":"warn","message":"Ruta fallida: /favicon.ico"}
{"level":"warn","message":"Ruta fallida: /favicon.ico"}
{"level":"warn","message":"Ruta fallida: /js/main.js"}
{"level":"warn","message":"Ruta fallida: /favicon.ico"}
{"level":"warn","message":"Ruta fallida: /favicon.ico"}
{"level":"warn","message":"Ruta fallida: /home/asd"}
{"level":"warn","message":"Ruta fallida: /js/main.js"}
{"level":"warn","message":"Ruta fallida: /favicon.ico"}
{"level":"warn","message":"Ruta fallida: /js/main.js"}
{"level":"warn","message":"Ruta fallida: /favicon.ico"}
{"level":"warn","message":"Ruta fallida: /login/js/main.js"}
{"level":"warn","message":"Ruta fallida: /favicon.ico"}
{"level":"warn","message":"Ruta fallida: /favicon.ico"}
{"level":"warn","message":"Ruta fallida: /login"}
{"level":"warn","message":"Ruta fallida: /js/main.js"}
{"level":"warn","message":"Ruta fallida: /favicon.ico"}
{"level":"warn","message":"Ruta fallida: /js/main.js"}
{"level":"warn","message":"Ruta fallida: /favicon.ico"}
{"level":"warn","message":"Ruta fallida: /js/main.js"}
{"level":"warn","message":"Ruta fallida: /favicon.ico"}
{"level":"warn","message":"Ruta fallida: /js/main.js"}
{"level":"warn","message":"Ruta fallida: /favicon.ico"}
{"level":"warn","message":"Ruta fallida: /js/main.js"}
{"level":"warn","message":"Ruta fallida: /favicon.ico"}
{"level":"warn","message":"Ruta fallida: /registro/js/main.js"}
{"level":"warn","message":"Ruta fallida: /favicon.ico"}
{"level":"warn","message":"Ruta fallida: /favicon.ico"}
{"level":"warn","message":"Ruta fallida: /registro/js/main.js"}
{"level":"warn","message":"Ruta fallida: /favicon.ico"}
{"level":"warn","message":"Ruta fallida: /js/main.js"}
{"level":"warn","message":"Ruta fallida: /favicon.ico"}
{"level":"warn","message":"Ruta fallida: /js/main.js"}
{"level":"warn","message":"Ruta fallida: /favicon.ico"}
{"level":"warn","message":"Ruta fallida: /login/js/main.js"}
{"level":"warn","message":"Ruta fallida: /favicon.ico"}
{"level":"warn","message":"Ruta fallida: /js/main.js"}
{"level":"warn","message":"Ruta fallida: /favicon.ico"}
{"level":"warn","message":"Ruta fallida: /js/main.js"}
{"level":"warn","message":"Ruta fallida: /favicon.ico"}
{"level":"warn","message":"Ruta fallida: /js/main.js"}
{"level":"warn","message":"Ruta fallida: /favicon.ico"}
{"level":"warn","message":"Ruta fallida: /js/main.js"}
{"level":"warn","message":"Ruta fallida: /favicon.ico"}
{"level":"warn","message":"Ruta fallida: /registro/js/main.js"}
{"level":"warn","message":"Ruta fallida: /favicon.ico"}
{"level":"warn","message":"Ruta fallida: /js/main.js"}
{"level":"warn","message":"Ruta fallida: /favicon.ico"}
{"level":"warn","message":"Ruta fallida: /registro/js/main.js"}
{"level":"warn","message":"Ruta fallida: /favicon.ico"}
{"level":"warn","message":"Ruta fallida: /js/main.js"}
{"level":"warn","message":"Ruta fallida: /favicon.ico"}
{"level":"warn","message":"Ruta fallida: /js/main.js"}
{"level":"warn","message":"Ruta fallida: /favicon.ico"}
{"level":"warn","message":"Ruta fallida: /login/js/main.js"}
{"level":"warn","message":"Ruta fallida: /favicon.ico"}
{"level":"warn","message":"Ruta fallida: /js/main.js"}
{"level":"warn","message":"Ruta fallida: /favicon.ico"}
{"code":"ER_NO_SUCH_TABLE","errno":1146,"index":0,"level":"error","sql":"select * from `productos`","sqlMessage":"Table 'productos.productos' doesn't exist","sqlState":"42S02"}
{"level":"warn","message":"Ruta fallida: /favicon.ico"}
{"level":"warn","message":"Ruta fallida: /js/main.js"}
{"level":"warn","message":"Ruta fallida: /favicon.ico"}
{"level":"warn","message":"Ruta fallida: /js/main.js"}
{"level":"warn","message":"Ruta fallida: /favicon.ico"}
{"level":"warn","message":"Ruta fallida: /js/main.js"}
{"level":"warn","message":"Ruta fallida: /js/main.js"}
{"level":"warn","message":"Ruta fallida: /favicon.ico"}
{"level":"warn","message":"Ruta fallida: /js/main.js"}
{"level":"warn","message":"Ruta fallida: /js/main.js"}
{"level":"warn","message":"Ruta fallida: /favicon.ico"}
{"level":"warn","message":"Ruta fallida: /js/main.js"}
{"level":"warn","message":"Ruta fallida: /favicon.ico"}
{"level":"warn","message":"Ruta fallida: /js/main.js"}
{"level":"warn","message":"Ruta fallida: /favicon.ico"}
{"level":"warn","message":"Ruta fallida: /favicon.ico"}
{"level":"warn","message":"Ruta fallida: /favicon.ico"}
{"level":"warn","message":"Ruta fallida: /favicon.ico"}
{"level":"warn","message":"Ruta fallida: /favicon.ico"}
{"level":"warn","message":"Ruta fallida: /favicon.ico"}
{"level":"warn","message":"Ruta fallida: /favicon.ico"}
{"code":"ER_NO_SUCH_TABLE","errno":1146,"index":0,"level":"error","sql":"select * from `productos`","sqlMessage":"Table 'productos.productos' doesn't exist","sqlState":"42S02"}
{"level":"error"}
{"level":"warn","message":"Ruta fallida: /favicon.ico"}
{"level":"warn","message":"Ruta fallida: /home/asd"}
{"level":"warn","message":"Ruta fallida: /home/asd"}
{"level":"warn","message":"Ruta fallida: /home/asd"}
{"level":"warn","message":"Ruta fallida: /favicon.ico"}
{"level":"warn","message":"Ruta fallida: /home/asd"}
{"code":"ER_NO_SUCH_TABLE","errno":1146,"index":0,"level":"error","sql":"select * from `productos`","sqlMessage":"Table 'productos.productos' doesn't exist","sqlState":"42S02"}
{"code":"ER_NO_SUCH_TABLE","errno":1146,"index":0,"level":"error","sql":"select * from `productos`","sqlMessage":"Table 'productos.productos' doesn't exist","sqlState":"42S02"}
{"code":"ER_NO_SUCH_TABLE","errno":1146,"index":0,"level":"error","sql":"select * from `productos`","sqlMessage":"Table 'productos.productos' doesn't exist","sqlState":"42S02"}
{"code":"ER_NO_SUCH_TABLE","errno":1146,"index":0,"level":"error","sql":"select * from `productos`","sqlMessage":"Table 'productos.productos' doesn't exist","sqlState":"42S02"}
{"code":"ER_NO_SUCH_TABLE","errno":1146,"index":0,"level":"error","sql":"select * from `productos`","sqlMessage":"Table 'productos.productos' doesn't exist","sqlState":"42S02"}
{"code":"ER_NO_SUCH_TABLE","errno":1146,"index":0,"level":"error","sql":"select * from `productos`","sqlMessage":"Table 'productos.productos' doesn't exist","sqlState":"42S02"}
{"code":"ER_NO_SUCH_TABLE","errno":1146,"index":0,"level":"error","sql":"select * from `productos`","sqlMessage":"Table 'productos.productos' doesn't exist","sqlState":"42S02"}
{"code":"ER_NO_SUCH_TABLE","errno":1146,"index":0,"level":"error","sql":"select * from `productos`","sqlMessage":"Table 'productos.productos' doesn't exist","sqlState":"42S02"}
{"code":"ER_NO_SUCH_TABLE","errno":1146,"index":0,"level":"error","sql":"select * from `productos`","sqlMessage":"Table 'productos.productos' doesn't exist","sqlState":"42S02"}
{"level":"warn","message":"Ruta fallida: /favicon.ico"}
{"level":"warn","message":"Ruta fallida: /home/asd"}
{"level":"warn","message":"Ruta fallida: /home/asd"}
{"code":"ER_NO_SUCH_TABLE","errno":1146,"index":0,"level":"error","sql":"select * from `productos`","sqlMessage":"Table 'productos.productos' doesn't exist","sqlState":"42S02"}
{"code":"ER_NO_SUCH_TABLE","errno":1146,"index":0,"level":"error","sql":"select * from `productos`","sqlMessage":"Table 'productos.productos' doesn't exist","sqlState":"42S02"}
{"code":"ER_NO_SUCH_TABLE","errno":1146,"index":0,"level":"error","sql":"select * from `productos`","sqlMessage":"Table 'productos.productos' doesn't exist","sqlState":"42S02"}
{"code":"ER_NO_SUCH_TABLE","errno":1146,"index":0,"level":"error","sql":"select * from `productos`","sqlMessage":"Table 'productos.productos' doesn't exist","sqlState":"42S02"}
{"code":"ER_NO_SUCH_TABLE","errno":1146,"index":0,"level":"error","sql":"select * from `productos`","sqlMessage":"Table 'productos.productos' doesn't exist","sqlState":"42S02"}
{"code":"ER_NO_SUCH_TABLE","errno":1146,"index":0,"level":"error","sql":"select * from `productos`","sqlMessage":"Table 'productos.productos' doesn't exist","sqlState":"42S02"}
{"code":"ER_NO_SUCH_TABLE","errno":1146,"index":0,"level":"error","sql":"select * from `productos`","sqlMessage":"Table 'productos.productos' doesn't exist","sqlState":"42S02"}
{"code":"ER_NO_SUCH_TABLE","errno":1146,"index":0,"level":"error","sql":"select * from `productos`","sqlMessage":"Table 'productos.productos' doesn't exist","sqlState":"42S02"}
{"code":"ER_NO_SUCH_TABLE","errno":1146,"index":0,"level":"error","sql":"select * from `productos`","sqlMessage":"Table 'productos.productos' doesn't exist","sqlState":"42S02"}
{"code":"ER_NO_SUCH_TABLE","errno":1146,"index":0,"level":"error","sql":"select * from `productos`","sqlMessage":"Table 'productos.productos' doesn't exist","sqlState":"42S02"}
{"code":"ER_NO_SUCH_TABLE","errno":1146,"index":0,"level":"error","sql":"select * from `productos`","sqlMessage":"Table 'productos.productos' doesn't exist","sqlState":"42S02"}
{"code":"ER_NO_SUCH_TABLE","errno":1146,"index":0,"level":"error","sql":"select * from `productos`","sqlMessage":"Table 'productos.productos' doesn't exist","sqlState":"42S02"}
{"code":"ER_TABLE_EXISTS_ERROR","errno":1050,"index":0,"level":"error","sql":"create table `productos` (`id` int unsigned not null auto_increment primary key, `nombre` varchar(255) not null, `precio` int, `foto` varchar(255))","sqlMessage":"Table 'productos' already exists","sqlState":"42S01"}
{"level":"warn","message":"Ruta fallida: /favicon.ico"}
{"level":"warn","message":"Ruta fallida: /favicon.ico"}
{"level":"warn","message":"Ruta fallida: /home/asd"}
{"code":"ER_TABLE_EXISTS_ERROR","errno":1050,"index":0,"level":"error","sql":"create table `productos` (`id` int unsigned not null auto_increment primary key, `nombre` varchar(255) not null, `precio` int, `foto` varchar(255))","sqlMessage":"Table 'productos' already exists","sqlState":"42S01"}
{"level":"warn","message":"Ruta fallida: /home/asd"}
{"code":"ER_NO_SUCH_TABLE","errno":1146,"index":0,"level":"error","sql":"select * from `productos`","sqlMessage":"Table 'productos.productos' doesn't exist","sqlState":"42S02"}
{"code":"ER_NO_SUCH_TABLE","errno":1146,"index":0,"level":"error","sql":"select * from `productos`","sqlMessage":"Table 'productos.productos' doesn't exist","sqlState":"42S02"}
{"code":"ER_NO_SUCH_TABLE","errno":1146,"index":0,"level":"error","sql":"select * from `productos`","sqlMessage":"Table 'productos.productos' doesn't exist","sqlState":"42S02"}
{"code":"ER_NO_SUCH_TABLE","errno":1146,"index":0,"level":"error","sql":"select * from `productos`","sqlMessage":"Table 'productos.productos' doesn't exist","sqlState":"42S02"}
{"code":"ER_NO_SUCH_TABLE","errno":1146,"index":0,"level":"error","sql":"select * from `productos`","sqlMessage":"Table 'productos.productos' doesn't exist","sqlState":"42S02"}
{"code":"ER_NO_SUCH_TABLE","errno":1146,"index":0,"level":"error","sql":"select * from `productos`","sqlMessage":"Table 'productos.productos' doesn't exist","sqlState":"42S02"}
{"level":"warn","message":"Ruta fallida: /favicon.ico"}
{"level":"warn","message":"Ruta fallida: /home/asd"}
{"level":"warn","message":"Ruta fallida: /home/asd"}
{"level":"warn","message":"Ruta fallida: /home/asd"}
{"level":"warn","message":"Ruta fallida: /home/asd"}
{"level":"warn","message":"Ruta fallida: /home/asd"}
{"level":"warn","message":"Ruta fallida: /home/asd"}
{"level":"warn","message":"Ruta fallida: /home/asdddddddddd"}
{"level":"warn","message":"Ruta fallida: /home/asd"}
{"level":"warn","message":"Ruta fallida: /home/asdddddddddd"}
{"level":"warn","message":"Ruta fallida: /home/asd"}
{"level":"warn","message":"Ruta fallida: /home/asdddddddddd"}
{"level":"warn","message":"Ruta fallida: /favicon.ico"}
{"level":"warn","message":"Ruta fallida: /home/asd"}
{"level":"warn","message":"Ruta fallida: /home/asdddddddddd"}
{"code":"ER_NO_SUCH_TABLE","errno":1146,"index":0,"level":"error","sql":"select * from `productos`","sqlMessage":"Table 'productos.productos' doesn't exist","sqlState":"42S02"}
{"code":"ER_NO_SUCH_TABLE","errno":1146,"index":0,"level":"error","sql":"select * from `productos`","sqlMessage":"Table 'productos.productos' doesn't exist","sqlState":"42S02"}
{"level":"warn","message":"Ruta fallida: /favicon.ico"}
{"level":"warn","message":"Ruta fallida: /home/qasd"}
{"level":"warn","message":"Ruta fallida: /home/qasd"}
{"level":"warn","message":"Ruta fallida: /favicon.ico"}
{"level":"warn","message":"Ruta fallida: /home/asd"}
{"level":"warn","message":"Ruta fallida: /home/asd"}
{"level":"warn","message":"Ruta fallida: /home/asd"}
{"level":"warn","message":"Ruta fallida: /home/asdddd"}
{"level":"warn","message":"Ruta fallida: /home/asd"}
{"level":"warn","message":"Ruta fallida: /home/asdddd"}
{"level":"warn","message":"Ruta fallida: /home/asdddd"}
{"level":"warn","message":"Ruta fallida: /home/asd"}
{"level":"warn","message":"Ruta fallida: /home/asd"}
{"level":"warn","message":"Ruta fallida: /home/asdddd"}
{"level":"warn","message":"Ruta fallida: /home/asd"}
{"level":"warn","message":"Ruta fallida: /home/asdddd"}
{"level":"warn","message":"Ruta fallida: /home/asd"}
{"level":"warn","message":"Ruta fallida: /home/asdddd"}
{"level":"warn","message":"Ruta fallida: /home/asdddd"}
{"level":"warn","message":"Ruta fallida: /home/asd"}
